<?xml version="1.0" encoding="UTF-8"?>
<testsuite xmlns:xsi="http://www.w3.org/2001/XMLSchema-instance" xsi:noNamespaceSchemaLocation="https://maven.apache.org/surefire/maven-surefire-plugin/xsd/surefire-test-report.xsd" name="com.upgrad.patterns.DemoApplicationTests" time="6.58" tests="1" errors="0" skipped="0" failures="0">
  <properties>
    <property name="java.specification.version" value="17"/>
    <property name="sun.jnu.encoding" value="UTF-8"/>
    <property name="java.class.path" value="/Users/rahilsharma/Desktop/Project wor/patterns/patterns/target/test-classes:/Users/rahilsharma/Desktop/Project wor/patterns/patterns/target/classes:/Users/rahilsharma/.m2/repository/org/springframework/boot/spring-boot-starter-actuator/2.3.11.RELEASE/spring-boot-starter-actuator-2.3.11.RELEASE.jar:/Users/rahilsharma/.m2/repository/org/springframework/boot/spring-boot-starter/2.3.11.RELEASE/spring-boot-starter-2.3.11.RELEASE.jar:/Users/rahilsharma/.m2/repository/org/springframework/boot/spring-boot/2.3.11.RELEASE/spring-boot-2.3.11.RELEASE.jar:/Users/rahilsharma/.m2/repository/org/springframework/boot/spring-boot-autoconfigure/2.3.11.RELEASE/spring-boot-autoconfigure-2.3.11.RELEASE.jar:/Users/rahilsharma/.m2/repository/org/springframework/boot/spring-boot-starter-logging/2.3.11.RELEASE/spring-boot-starter-logging-2.3.11.RELEASE.jar:/Users/rahilsharma/.m2/repository/ch/qos/logback/logback-classic/1.2.3/logback-classic-1.2.3.jar:/Users/rahilsharma/.m2/repository/ch/qos/logback/logback-core/1.2.3/logback-core-1.2.3.jar:/Users/rahilsharma/.m2/repository/org/apache/logging/log4j/log4j-to-slf4j/2.13.3/log4j-to-slf4j-2.13.3.jar:/Users/rahilsharma/.m2/repository/org/apache/logging/log4j/log4j-api/2.13.3/log4j-api-2.13.3.jar:/Users/rahilsharma/.m2/repository/org/slf4j/jul-to-slf4j/1.7.30/jul-to-slf4j-1.7.30.jar:/Users/rahilsharma/.m2/repository/jakarta/annotation/jakarta.annotation-api/1.3.5/jakarta.annotation-api-1.3.5.jar:/Users/rahilsharma/.m2/repository/org/yaml/snakeyaml/1.26/snakeyaml-1.26.jar:/Users/rahilsharma/.m2/repository/org/springframework/boot/spring-boot-actuator-autoconfigure/2.3.11.RELEASE/spring-boot-actuator-autoconfigure-2.3.11.RELEASE.jar:/Users/rahilsharma/.m2/repository/org/springframework/boot/spring-boot-actuator/2.3.11.RELEASE/spring-boot-actuator-2.3.11.RELEASE.jar:/Users/rahilsharma/.m2/repository/com/fasterxml/jackson/core/jackson-databind/2.11.4/jackson-databind-2.11.4.jar:/Users/rahilsharma/.m2/repository/com/fasterxml/jackson/core/jackson-annotations/2.11.4/jackson-annotations-2.11.4.jar:/Users/rahilsharma/.m2/repository/com/fasterxml/jackson/core/jackson-core/2.11.4/jackson-core-2.11.4.jar:/Users/rahilsharma/.m2/repository/com/fasterxml/jackson/datatype/jackson-datatype-jsr310/2.11.4/jackson-datatype-jsr310-2.11.4.jar:/Users/rahilsharma/.m2/repository/io/micrometer/micrometer-core/1.5.14/micrometer-core-1.5.14.jar:/Users/rahilsharma/.m2/repository/org/hdrhistogram/HdrHistogram/2.1.12/HdrHistogram-2.1.12.jar:/Users/rahilsharma/.m2/repository/org/latencyutils/LatencyUtils/2.0.3/LatencyUtils-2.0.3.jar:/Users/rahilsharma/.m2/repository/org/springframework/boot/spring-boot-starter-web/2.3.11.RELEASE/spring-boot-starter-web-2.3.11.RELEASE.jar:/Users/rahilsharma/.m2/repository/org/springframework/boot/spring-boot-starter-json/2.3.11.RELEASE/spring-boot-starter-json-2.3.11.RELEASE.jar:/Users/rahilsharma/.m2/repository/com/fasterxml/jackson/datatype/jackson-datatype-jdk8/2.11.4/jackson-datatype-jdk8-2.11.4.jar:/Users/rahilsharma/.m2/repository/com/fasterxml/jackson/module/jackson-module-parameter-names/2.11.4/jackson-module-parameter-names-2.11.4.jar:/Users/rahilsharma/.m2/repository/org/springframework/boot/spring-boot-starter-tomcat/2.3.11.RELEASE/spring-boot-starter-tomcat-2.3.11.RELEASE.jar:/Users/rahilsharma/.m2/repository/org/apache/tomcat/embed/tomcat-embed-core/9.0.46/tomcat-embed-core-9.0.46.jar:/Users/rahilsharma/.m2/repository/org/glassfish/jakarta.el/3.0.3/jakarta.el-3.0.3.jar:/Users/rahilsharma/.m2/repository/org/apache/tomcat/embed/tomcat-embed-websocket/9.0.46/tomcat-embed-websocket-9.0.46.jar:/Users/rahilsharma/.m2/repository/org/springframework/spring-web/5.2.15.RELEASE/spring-web-5.2.15.RELEASE.jar:/Users/rahilsharma/.m2/repository/org/springframework/spring-beans/5.2.15.RELEASE/spring-beans-5.2.15.RELEASE.jar:/Users/rahilsharma/.m2/repository/org/springframework/spring-webmvc/5.2.15.RELEASE/spring-webmvc-5.2.15.RELEASE.jar:/Users/rahilsharma/.m2/repository/org/springframework/spring-aop/5.2.15.RELEASE/spring-aop-5.2.15.RELEASE.jar:/Users/rahilsharma/.m2/repository/org/springframework/spring-context/5.2.15.RELEASE/spring-context-5.2.15.RELEASE.jar:/Users/rahilsharma/.m2/repository/org/springframework/spring-expression/5.2.15.RELEASE/spring-expression-5.2.15.RELEASE.jar:/Users/rahilsharma/.m2/repository/org/projectlombok/lombok/1.18.20/lombok-1.18.20.jar:/Users/rahilsharma/.m2/repository/org/springframework/boot/spring-boot-starter-test/2.3.11.RELEASE/spring-boot-starter-test-2.3.11.RELEASE.jar:/Users/rahilsharma/.m2/repository/org/springframework/boot/spring-boot-test/2.3.11.RELEASE/spring-boot-test-2.3.11.RELEASE.jar:/Users/rahilsharma/.m2/repository/org/springframework/boot/spring-boot-test-autoconfigure/2.3.11.RELEASE/spring-boot-test-autoconfigure-2.3.11.RELEASE.jar:/Users/rahilsharma/.m2/repository/com/jayway/jsonpath/json-path/2.4.0/json-path-2.4.0.jar:/Users/rahilsharma/.m2/repository/net/minidev/json-smart/2.3.1/json-smart-2.3.1.jar:/Users/rahilsharma/.m2/repository/net/minidev/accessors-smart/2.3.1/accessors-smart-2.3.1.jar:/Users/rahilsharma/.m2/repository/org/ow2/asm/asm/5.0.4/asm-5.0.4.jar:/Users/rahilsharma/.m2/repository/org/slf4j/slf4j-api/1.7.30/slf4j-api-1.7.30.jar:/Users/rahilsharma/.m2/repository/jakarta/xml/bind/jakarta.xml.bind-api/2.3.3/jakarta.xml.bind-api-2.3.3.jar:/Users/rahilsharma/.m2/repository/jakarta/activation/jakarta.activation-api/1.2.2/jakarta.activation-api-1.2.2.jar:/Users/rahilsharma/.m2/repository/org/assertj/assertj-core/3.16.1/assertj-core-3.16.1.jar:/Users/rahilsharma/.m2/repository/org/hamcrest/hamcrest/2.2/hamcrest-2.2.jar:/Users/rahilsharma/.m2/repository/org/junit/jupiter/junit-jupiter/5.6.3/junit-jupiter-5.6.3.jar:/Users/rahilsharma/.m2/repository/org/junit/jupiter/junit-jupiter-api/5.6.3/junit-jupiter-api-5.6.3.jar:/Users/rahilsharma/.m2/repository/org/apiguardian/apiguardian-api/1.1.0/apiguardian-api-1.1.0.jar:/Users/rahilsharma/.m2/repository/org/opentest4j/opentest4j/1.2.0/opentest4j-1.2.0.jar:/Users/rahilsharma/.m2/repository/org/junit/platform/junit-platform-commons/1.6.3/junit-platform-commons-1.6.3.jar:/Users/rahilsharma/.m2/repository/org/junit/jupiter/junit-jupiter-params/5.6.3/junit-jupiter-params-5.6.3.jar:/Users/rahilsharma/.m2/repository/org/junit/jupiter/junit-jupiter-engine/5.6.3/junit-jupiter-engine-5.6.3.jar:/Users/rahilsharma/.m2/repository/org/junit/platform/junit-platform-engine/1.6.3/junit-platform-engine-1.6.3.jar:/Users/rahilsharma/.m2/repository/org/mockito/mockito-core/3.3.3/mockito-core-3.3.3.jar:/Users/rahilsharma/.m2/repository/net/bytebuddy/byte-buddy/1.10.22/byte-buddy-1.10.22.jar:/Users/rahilsharma/.m2/repository/net/bytebuddy/byte-buddy-agent/1.10.22/byte-buddy-agent-1.10.22.jar:/Users/rahilsharma/.m2/repository/org/objenesis/objenesis/2.6/objenesis-2.6.jar:/Users/rahilsharma/.m2/repository/org/mockito/mockito-junit-jupiter/3.3.3/mockito-junit-jupiter-3.3.3.jar:/Users/rahilsharma/.m2/repository/org/skyscreamer/jsonassert/1.5.0/jsonassert-1.5.0.jar:/Users/rahilsharma/.m2/repository/com/vaadin/external/google/android-json/0.0.20131108.vaadin1/android-json-0.0.20131108.vaadin1.jar:/Users/rahilsharma/.m2/repository/org/springframework/spring-core/5.2.15.RELEASE/spring-core-5.2.15.RELEASE.jar:/Users/rahilsharma/.m2/repository/org/springframework/spring-jcl/5.2.15.RELEASE/spring-jcl-5.2.15.RELEASE.jar:/Users/rahilsharma/.m2/repository/org/springframework/spring-test/5.2.15.RELEASE/spring-test-5.2.15.RELEASE.jar:/Users/rahilsharma/.m2/repository/org/xmlunit/xmlunit-core/2.7.0/xmlunit-core-2.7.0.jar:"/>
    <property name="java.vm.vendor" value="Amazon.com Inc."/>
    <property name="sun.arch.data.model" value="64"/>
    <property name="java.vendor.url" value="https://aws.amazon.com/corretto/"/>
    <property name="os.name" value="Mac OS X"/>
    <property name="java.vm.specification.version" value="17"/>
    <property name="sun.java.launcher" value="SUN_STANDARD"/>
    <property name="user.country" value="IN"/>
    <property name="sun.boot.library.path" value="/Library/Java/JavaVirtualMachines/amazon-corretto-17.jdk/Contents/Home/lib"/>
    <property name="sun.java.command" value="/Users/rahilsharma/Desktop/Project wor/patterns/patterns/target/surefire/surefirebooter6367443452799266389.jar /Users/rahilsharma/Desktop/Project wor/patterns/patterns/target/surefire 2023-08-06T23-57-18_844-jvmRun1 surefire9244197154676039290tmp surefire_03872008224931659477tmp"/>
    <property name="http.nonProxyHosts" value="local|*.local|169.254/16|*.169.254/16"/>
    <property name="jdk.debug" value="release"/>
    <property name="surefire.test.class.path" value="/Users/rahilsharma/Desktop/Project wor/patterns/patterns/target/test-classes:/Users/rahilsharma/Desktop/Project wor/patterns/patterns/target/classes:/Users/rahilsharma/.m2/repository/org/springframework/boot/spring-boot-starter-actuator/2.3.11.RELEASE/spring-boot-starter-actuator-2.3.11.RELEASE.jar:/Users/rahilsharma/.m2/repository/org/springframework/boot/spring-boot-starter/2.3.11.RELEASE/spring-boot-starter-2.3.11.RELEASE.jar:/Users/rahilsharma/.m2/repository/org/springframework/boot/spring-boot/2.3.11.RELEASE/spring-boot-2.3.11.RELEASE.jar:/Users/rahilsharma/.m2/repository/org/springframework/boot/spring-boot-autoconfigure/2.3.11.RELEASE/spring-boot-autoconfigure-2.3.11.RELEASE.jar:/Users/rahilsharma/.m2/repository/org/springframework/boot/spring-boot-starter-logging/2.3.11.RELEASE/spring-boot-starter-logging-2.3.11.RELEASE.jar:/Users/rahilsharma/.m2/repository/ch/qos/logback/logback-classic/1.2.3/logback-classic-1.2.3.jar:/Users/rahilsharma/.m2/repository/ch/qos/logback/logback-core/1.2.3/logback-core-1.2.3.jar:/Users/rahilsharma/.m2/repository/org/apache/logging/log4j/log4j-to-slf4j/2.13.3/log4j-to-slf4j-2.13.3.jar:/Users/rahilsharma/.m2/repository/org/apache/logging/log4j/log4j-api/2.13.3/log4j-api-2.13.3.jar:/Users/rahilsharma/.m2/repository/org/slf4j/jul-to-slf4j/1.7.30/jul-to-slf4j-1.7.30.jar:/Users/rahilsharma/.m2/repository/jakarta/annotation/jakarta.annotation-api/1.3.5/jakarta.annotation-api-1.3.5.jar:/Users/rahilsharma/.m2/repository/org/yaml/snakeyaml/1.26/snakeyaml-1.26.jar:/Users/rahilsharma/.m2/repository/org/springframework/boot/spring-boot-actuator-autoconfigure/2.3.11.RELEASE/spring-boot-actuator-autoconfigure-2.3.11.RELEASE.jar:/Users/rahilsharma/.m2/repository/org/springframework/boot/spring-boot-actuator/2.3.11.RELEASE/spring-boot-actuator-2.3.11.RELEASE.jar:/Users/rahilsharma/.m2/repository/com/fasterxml/jackson/core/jackson-databind/2.11.4/jackson-databind-2.11.4.jar:/Users/rahilsharma/.m2/repository/com/fasterxml/jackson/core/jackson-annotations/2.11.4/jackson-annotations-2.11.4.jar:/Users/rahilsharma/.m2/repository/com/fasterxml/jackson/core/jackson-core/2.11.4/jackson-core-2.11.4.jar:/Users/rahilsharma/.m2/repository/com/fasterxml/jackson/datatype/jackson-datatype-jsr310/2.11.4/jackson-datatype-jsr310-2.11.4.jar:/Users/rahilsharma/.m2/repository/io/micrometer/micrometer-core/1.5.14/micrometer-core-1.5.14.jar:/Users/rahilsharma/.m2/repository/org/hdrhistogram/HdrHistogram/2.1.12/HdrHistogram-2.1.12.jar:/Users/rahilsharma/.m2/repository/org/latencyutils/LatencyUtils/2.0.3/LatencyUtils-2.0.3.jar:/Users/rahilsharma/.m2/repository/org/springframework/boot/spring-boot-starter-web/2.3.11.RELEASE/spring-boot-starter-web-2.3.11.RELEASE.jar:/Users/rahilsharma/.m2/repository/org/springframework/boot/spring-boot-starter-json/2.3.11.RELEASE/spring-boot-starter-json-2.3.11.RELEASE.jar:/Users/rahilsharma/.m2/repository/com/fasterxml/jackson/datatype/jackson-datatype-jdk8/2.11.4/jackson-datatype-jdk8-2.11.4.jar:/Users/rahilsharma/.m2/repository/com/fasterxml/jackson/module/jackson-module-parameter-names/2.11.4/jackson-module-parameter-names-2.11.4.jar:/Users/rahilsharma/.m2/repository/org/springframework/boot/spring-boot-starter-tomcat/2.3.11.RELEASE/spring-boot-starter-tomcat-2.3.11.RELEASE.jar:/Users/rahilsharma/.m2/repository/org/apache/tomcat/embed/tomcat-embed-core/9.0.46/tomcat-embed-core-9.0.46.jar:/Users/rahilsharma/.m2/repository/org/glassfish/jakarta.el/3.0.3/jakarta.el-3.0.3.jar:/Users/rahilsharma/.m2/repository/org/apache/tomcat/embed/tomcat-embed-websocket/9.0.46/tomcat-embed-websocket-9.0.46.jar:/Users/rahilsharma/.m2/repository/org/springframework/spring-web/5.2.15.RELEASE/spring-web-5.2.15.RELEASE.jar:/Users/rahilsharma/.m2/repository/org/springframework/spring-beans/5.2.15.RELEASE/spring-beans-5.2.15.RELEASE.jar:/Users/rahilsharma/.m2/repository/org/springframework/spring-webmvc/5.2.15.RELEASE/spring-webmvc-5.2.15.RELEASE.jar:/Users/rahilsharma/.m2/repository/org/springframework/spring-aop/5.2.15.RELEASE/spring-aop-5.2.15.RELEASE.jar:/Users/rahilsharma/.m2/repository/org/springframework/spring-context/5.2.15.RELEASE/spring-context-5.2.15.RELEASE.jar:/Users/rahilsharma/.m2/repository/org/springframework/spring-expression/5.2.15.RELEASE/spring-expression-5.2.15.RELEASE.jar:/Users/rahilsharma/.m2/repository/org/projectlombok/lombok/1.18.20/lombok-1.18.20.jar:/Users/rahilsharma/.m2/repository/org/springframework/boot/spring-boot-starter-test/2.3.11.RELEASE/spring-boot-starter-test-2.3.11.RELEASE.jar:/Users/rahilsharma/.m2/repository/org/springframework/boot/spring-boot-test/2.3.11.RELEASE/spring-boot-test-2.3.11.RELEASE.jar:/Users/rahilsharma/.m2/repository/org/springframework/boot/spring-boot-test-autoconfigure/2.3.11.RELEASE/spring-boot-test-autoconfigure-2.3.11.RELEASE.jar:/Users/rahilsharma/.m2/repository/com/jayway/jsonpath/json-path/2.4.0/json-path-2.4.0.jar:/Users/rahilsharma/.m2/repository/net/minidev/json-smart/2.3.1/json-smart-2.3.1.jar:/Users/rahilsharma/.m2/repository/net/minidev/accessors-smart/2.3.1/accessors-smart-2.3.1.jar:/Users/rahilsharma/.m2/repository/org/ow2/asm/asm/5.0.4/asm-5.0.4.jar:/Users/rahilsharma/.m2/repository/org/slf4j/slf4j-api/1.7.30/slf4j-api-1.7.30.jar:/Users/rahilsharma/.m2/repository/jakarta/xml/bind/jakarta.xml.bind-api/2.3.3/jakarta.xml.bind-api-2.3.3.jar:/Users/rahilsharma/.m2/repository/jakarta/activation/jakarta.activation-api/1.2.2/jakarta.activation-api-1.2.2.jar:/Users/rahilsharma/.m2/repository/org/assertj/assertj-core/3.16.1/assertj-core-3.16.1.jar:/Users/rahilsharma/.m2/repository/org/hamcrest/hamcrest/2.2/hamcrest-2.2.jar:/Users/rahilsharma/.m2/repository/org/junit/jupiter/junit-jupiter/5.6.3/junit-jupiter-5.6.3.jar:/Users/rahilsharma/.m2/repository/org/junit/jupiter/junit-jupiter-api/5.6.3/junit-jupiter-api-5.6.3.jar:/Users/rahilsharma/.m2/repository/org/apiguardian/apiguardian-api/1.1.0/apiguardian-api-1.1.0.jar:/Users/rahilsharma/.m2/repository/org/opentest4j/opentest4j/1.2.0/opentest4j-1.2.0.jar:/Users/rahilsharma/.m2/repository/org/junit/platform/junit-platform-commons/1.6.3/junit-platform-commons-1.6.3.jar:/Users/rahilsharma/.m2/repository/org/junit/jupiter/junit-jupiter-params/5.6.3/junit-jupiter-params-5.6.3.jar:/Users/rahilsharma/.m2/repository/org/junit/jupiter/junit-jupiter-engine/5.6.3/junit-jupiter-engine-5.6.3.jar:/Users/rahilsharma/.m2/repository/org/junit/platform/junit-platform-engine/1.6.3/junit-platform-engine-1.6.3.jar:/Users/rahilsharma/.m2/repository/org/mockito/mockito-core/3.3.3/mockito-core-3.3.3.jar:/Users/rahilsharma/.m2/repository/net/bytebuddy/byte-buddy/1.10.22/byte-buddy-1.10.22.jar:/Users/rahilsharma/.m2/repository/net/bytebuddy/byte-buddy-agent/1.10.22/byte-buddy-agent-1.10.22.jar:/Users/rahilsharma/.m2/repository/org/objenesis/objenesis/2.6/objenesis-2.6.jar:/Users/rahilsharma/.m2/repository/org/mockito/mockito-junit-jupiter/3.3.3/mockito-junit-jupiter-3.3.3.jar:/Users/rahilsharma/.m2/repository/org/skyscreamer/jsonassert/1.5.0/jsonassert-1.5.0.jar:/Users/rahilsharma/.m2/repository/com/vaadin/external/google/android-json/0.0.20131108.vaadin1/android-json-0.0.20131108.vaadin1.jar:/Users/rahilsharma/.m2/repository/org/springframework/spring-core/5.2.15.RELEASE/spring-core-5.2.15.RELEASE.jar:/Users/rahilsharma/.m2/repository/org/springframework/spring-jcl/5.2.15.RELEASE/spring-jcl-5.2.15.RELEASE.jar:/Users/rahilsharma/.m2/repository/org/springframework/spring-test/5.2.15.RELEASE/spring-test-5.2.15.RELEASE.jar:/Users/rahilsharma/.m2/repository/org/xmlunit/xmlunit-core/2.7.0/xmlunit-core-2.7.0.jar:"/>
    <property name="sun.cpu.endian" value="little"/>
    <property name="user.home" value="/Users/rahilsharma"/>
    <property name="user.language" value="en"/>
    <property name="java.specification.vendor" value="Oracle Corporation"/>
    <property name="java.version.date" value="2022-08-12"/>
    <property name="java.home" value="/Library/Java/JavaVirtualMachines/amazon-corretto-17.jdk/Contents/Home"/>
    <property name="file.separator" value="/"/>
    <property name="basedir" value="/Users/rahilsharma/Desktop/Project wor/patterns/patterns"/>
    <property name="java.vm.compressedOopsMode" value="Zero based"/>
    <property name="line.separator" value="&#10;"/>
    <property name="java.specification.name" value="Java Platform API Specification"/>
    <property name="java.vm.specification.vendor" value="Oracle Corporation"/>
    <property name="surefire.real.class.path" value="/Users/rahilsharma/Desktop/Project wor/patterns/patterns/target/surefire/surefirebooter6367443452799266389.jar"/>
    <property name="sun.management.compiler" value="HotSpot 64-Bit Tiered Compilers"/>
    <property name="ftp.nonProxyHosts" value="local|*.local|169.254/16|*.169.254/16"/>
    <property name="java.runtime.version" value="17.0.4.1+9-LTS"/>
    <property name="user.name" value="rahilsharma"/>
    <property name="path.separator" value=":"/>
    <property name="os.version" value="13.3"/>
    <property name="java.runtime.name" value="OpenJDK Runtime Environment"/>
    <property name="file.encoding" value="UTF-8"/>
    <property name="java.vm.name" value="OpenJDK 64-Bit Server VM"/>
    <property name="java.vendor.version" value="Corretto-17.0.4.9.1"/>
    <property name="localRepository" value="/Users/rahilsharma/.m2/repository"/>
    <property name="java.vendor.url.bug" value="https://github.com/corretto/corretto-17/issues/"/>
    <property name="java.io.tmpdir" value="/var/folders/9b/27c0j34x4f10cr19hc97p2lh0000gn/T/"/>
    <property name="java.version" value="17.0.4.1"/>
    <property name="user.dir" value="/Users/rahilsharma/Desktop/Project wor/patterns/patterns"/>
    <property name="os.arch" value="x86_64"/>
    <property name="java.vm.specification.name" value="Java Virtual Machine Specification"/>
    <property name="native.encoding" value="UTF-8"/>
    <property name="java.library.path" value="/Users/rahilsharma/Library/Java/Extensions:/Library/Java/Extensions:/Network/Library/Java/Extensions:/System/Library/Java/Extensions:/usr/lib/java:."/>
    <property name="java.vm.info" value="mixed mode, sharing"/>
    <property name="java.vendor" value="Amazon.com Inc."/>
    <property name="java.vm.version" value="17.0.4.1+9-LTS"/>
    <property name="sun.io.unicode.encoding" value="UnicodeBig"/>
    <property name="socksNonProxyHosts" value="local|*.local|169.254/16|*.169.254/16"/>
    <property name="java.class.version" value="61.0"/>
  </properties>
  <testcase name="contextLoads" classname="com.upgrad.patterns.DemoApplicationTests" time="0.52"/>
</testsuite>